<?xml version="1.0" encoding="UTF-8"?>
<testsuite xmlns:xsi="http://www.w3.org/2001/XMLSchema-instance" xsi:noNamespaceSchemaLocation="https://maven.apache.org/surefire/maven-surefire-plugin/xsd/surefire-test-report-3.0.xsd" version="3.0" name="classes.CustomerTest" time="0.009" tests="3" errors="0" skipped="0" failures="0">
  <properties>
    <property name="java.specification.version" value="15"/>
    <property name="sun.cpu.isalist" value="amd64"/>
    <property name="sun.jnu.encoding" value="Cp1252"/>
    <property name="java.class.path" value="G:\My Drive\AmaliTech gGmbH\Mini-Project\BANKING-JAVA-APPLICATION\Bank_App\target\test-classes;G:\My Drive\AmaliTech gGmbH\Mini-Project\BANKING-JAVA-APPLICATION\Bank_App\target\classes;C:\Users\WELBECK\.m2\repository\junit\junit\4.13.2\junit-4.13.2.jar;C:\Users\WELBECK\.m2\repository\org\hamcrest\hamcrest-core\1.3\hamcrest-core-1.3.jar;"/>
    <property name="java.vm.vendor" value="Amazon.com Inc."/>
    <property name="sun.arch.data.model" value="64"/>
    <property name="user.variant" value=""/>
    <property name="java.vendor.url" value="https://aws.amazon.com/corretto/"/>
    <property name="user.timezone" value="Atlantic/Reykjavik"/>
    <property name="os.name" value="Windows 10"/>
    <property name="java.vm.specification.version" value="15"/>
    <property name="sun.java.launcher" value="SUN_STANDARD"/>
    <property name="user.country" value="US"/>
    <property name="sun.boot.library.path" value="C:\Program Files\Amazon Corretto\jdk15.0.1_9\bin"/>
    <property name="sun.java.command" value="C:\Users\WELBECK\AppData\Local\Temp\surefire15572661290851071097\surefirebooter5466363223976648703.jar C:\Users\WELBECK\AppData\Local\Temp\surefire15572661290851071097 2021-03-19T04-56-24_977-jvmRun1 surefire3123620131210346844tmp surefire_013450859117172619026tmp"/>
    <property name="jdk.debug" value="release"/>
    <property name="surefire.test.class.path" value="G:\My Drive\AmaliTech gGmbH\Mini-Project\BANKING-JAVA-APPLICATION\Bank_App\target\test-classes;G:\My Drive\AmaliTech gGmbH\Mini-Project\BANKING-JAVA-APPLICATION\Bank_App\target\classes;C:\Users\WELBECK\.m2\repository\junit\junit\4.13.2\junit-4.13.2.jar;C:\Users\WELBECK\.m2\repository\org\hamcrest\hamcrest-core\1.3\hamcrest-core-1.3.jar;"/>
    <property name="sun.cpu.endian" value="little"/>
    <property name="user.home" value="C:\Users\WELBECK"/>
    <property name="user.language" value="en"/>
    <property name="java.specification.vendor" value="Oracle Corporation"/>
    <property name="java.version.date" value="2020-10-20"/>
    <property name="java.home" value="C:\Program Files\Amazon Corretto\jdk15.0.1_9"/>
    <property name="file.separator" value="\"/>
    <property name="basedir" value="G:\My Drive\AmaliTech gGmbH\Mini-Project\BANKING-JAVA-APPLICATION\Bank_App"/>
    <property name="java.vm.compressedOopsMode" value="32-bit"/>
    <property name="line.separator" value="&#10;"/>
    <property name="java.vm.specification.vendor" value="Oracle Corporation"/>
    <property name="java.specification.name" value="Java Platform API Specification"/>
    <property name="surefire.real.class.path" value="C:\Users\WELBECK\AppData\Local\Temp\surefire15572661290851071097\surefirebooter5466363223976648703.jar"/>
    <property name="user.script" value=""/>
    <property name="sun.management.compiler" value="HotSpot 64-Bit Tiered Compilers"/>
    <property name="java.runtime.version" value="15.0.1+9"/>
    <property name="user.name" value="WELBECK"/>
    <property name="path.separator" value=";"/>
    <property name="os.version" value="10.0"/>
    <property name="java.runtime.name" value="OpenJDK Runtime Environment"/>
    <property name="file.encoding" value="Cp1252"/>
    <property name="java.vm.name" value="OpenJDK 64-Bit Server VM"/>
    <property name="java.vendor.version" value="Corretto-15.0.1.9.1"/>
    <property name="localRepository" value="C:\Users\WELBECK\.m2\repository"/>
    <property name="java.vendor.url.bug" value="https://github.com/corretto/corretto-jdk/issues/"/>
    <property name="java.io.tmpdir" value="C:\Users\WELBECK\AppData\Local\Temp\"/>
    <property name="idea.version" value="2020.3.1"/>
    <property name="java.version" value="15.0.1"/>
    <property name="user.dir" value="G:\My Drive\AmaliTech gGmbH\Mini-Project\BANKING-JAVA-APPLICATION\Bank_App"/>
    <property name="os.arch" value="amd64"/>
    <property name="java.vm.specification.name" value="Java Virtual Machine Specification"/>
    <property name="sun.os.patch.level" value=""/>
    <property name="java.library.path" value="C:\Program Files\Amazon Corretto\jdk15.0.1_9\bin;C:\Windows\Sun\Java\bin;C:\Windows\system32;C:\Windows;&quot;C:\Program Files\Amazon Corretto\jdk15.0.1_9\bin;C:\Users\WELBECK\AppData\Local\Programs\Python\Python39\Scripts\&quot;;C:\Windows\system32;C:\Windows;C:\Windows\System32\Wbem;C:\Windows\System32\WindowsPowerShell\v1.0\;C:\Windows\System32\OpenSSH\;C:\Program Files (x86)\AMD\ATI.ACE\Core-Static;C:\Program Files\Git\cmd;C:\Program Files\SourceGear\Common\DiffMerge\;C:\Program Files (x86)\apache-maven-3.6.3\bin;C:\Users\WELBECK\AppData\Local\Programs\Python\Python39\Scripts\;C:\Users\WELBECK\AppData\Local\Programs\Python\Python39\;C:\Users\WELBECK\AppData\Local\Microsoft\WindowsApps;C:\Users\WELBECK\AppData\Local\GitHubDesktop\bin;C:\Users\WELBECK\AppData\Local\Programs\Microsoft VS Code\bin;;."/>
    <property name="java.vm.info" value="mixed mode, sharing"/>
    <property name="java.vendor" value="Amazon.com Inc."/>
    <property name="java.vm.version" value="15.0.1+9"/>
    <property name="sun.io.unicode.encoding" value="UnicodeLittle"/>
    <property name="java.class.version" value="59.0"/>
  </properties>
  <testcase name="getTransactions" classname="classes.CustomerTest" time="0"/>
  <testcase name="addTransactions" classname="classes.CustomerTest" time="0"/>
  <testcase name="getName" classname="classes.CustomerTest" time="0"/>
</testsuite>